<?xml version="1.0" encoding="UTF-8"?>
<testng-results ignored="0" total="1" passed="1" failed="0" skipped="0">
  <reporter-output>
  </reporter-output>
  <suite started-at="2025-04-17T12:18:16 IST" name="Default suite" finished-at="2025-04-17T12:18:35 IST" duration-ms="18806">
    <groups>
    </groups>
    <test started-at="2025-04-17T12:18:16 IST" name="Default test" finished-at="2025-04-17T12:18:35 IST" duration-ms="18806">
      <class name="mPackage.AppTest">
        <test-method is-config="true" signature="setup()[pri:0, instance:mPackage.AppTest@5fb759d6]" started-at="2025-04-17T12:18:16 IST" name="setup" finished-at="2025-04-17T12:18:22 IST" duration-ms="5948" status="PASS">
          <reporter-output>
          </reporter-output>
        </test-method> <!-- setup -->
        <test-method signature="SampleAutomation()[pri:0, instance:mPackage.AppTest@5fb759d6]" started-at="2025-04-17T12:18:22 IST" name="SampleAutomation" finished-at="2025-04-17T12:18:33 IST" duration-ms="10246" status="PASS">
          <reporter-output>
          </reporter-output>
        </test-method> <!-- SampleAutomation -->
        <test-method is-config="true" signature="tearDown()[pri:0, instance:mPackage.AppTest@5fb759d6]" started-at="2025-04-17T12:18:33 IST" name="tearDown" finished-at="2025-04-17T12:18:35 IST" duration-ms="2491" status="PASS">
          <reporter-output>
          </reporter-output>
        </test-method> <!-- tearDown -->
      </class> <!-- mPackage.AppTest -->
    </test> <!-- Default test -->
  </suite> <!-- Default suite -->
</testng-results>
